G:\Steam\steamapps\common\Carmageddon TDR 2000\Assets\Cars\Eagle4\eagle_mk4_v8ConvSoft_eagle_mk4.dir
G:\Steam\steamapps\common\Carmageddon TDR 2000\Assets\Cars\Eagle4\eagle_mk4_v8ConvSoft_eagle_mk4.dir
G:\Steam\steamapps\common\Carmageddon TDR 2000\Assets\Animation\ALIENS.dir
G:\Steam\steamapps\common\Carmageddon TDR 2000\Assets\Animation\ANIMALS.dir
G:\Steam\steamapps\common\Carmageddon TDR 2000\Assets\Animation\HUMANS.dir
G:\Steam\steamapps\common\Carmageddon TDR 2000\Assets\Animation\ZOMBIES.dir
G:\Steam\steamapps\common\Carmageddon TDR 2000\Assets\Attributes\ATTRIBUTES.dir
G:\Steam\steamapps\common\Carmageddon TDR 2000\Assets\Drones\DRONES.dir
G:\Steam\steamapps\common\Carmageddon TDR 2000\Assets\Menu\BACKDROPS.dir
G:\Steam\steamapps\common\Carmageddon TDR 2000\Assets\Menu\BUTTONS.dir
G:\Steam\steamapps\common\Carmageddon TDR 2000\Assets\Menu\CREDITS.dir
G:\Steam\steamapps\common\Carmageddon TDR 2000\Assets\Menu\DOOR.dir
G:\Steam\steamapps\common\Carmageddon TDR 2000\Assets\Cars\Blood&Bone\blood_bonesconvsoft_null.dir
G:\Steam\steamapps\common\Carmageddon TDR 2000\Assets\Cars\Bugatti\Bugattimain_null.dir
G:\Steam\steamapps\common\Carmageddon TDR 2000\Assets\Cars\Buggy\Buggymain_null.dir
G:\Steam\steamapps\common\Carmageddon TDR 2000\Assets\Cars\BumblyBee\Bumbly_Beeconsoft_null_1.dir
G:\Steam\steamapps\common\Carmageddon TDR 2000\Assets\Cars\Cainnie\Cain_Harvister4null_2.dir
G:\Steam\steamapps\common\Carmageddon TDR 2000\Assets\Cars\Charger\chargerconsoft_null.dir
G:\Steam\steamapps\common\Carmageddon TDR 2000\Assets\Cars\copcar\CopcarConvsoft_Node.dir
G:\Steam\steamapps\common\Carmageddon TDR 2000\Assets\Cars\Cop_Inteceptor\Cop_Interconsoft_null.dir
G:\Steam\steamapps\common\Carmageddon TDR 2000\Assets\Cars\Corvette\CorvetteMAIN_NULL.dir
G:\Steam\steamapps\common\Carmageddon TDR 2000\Assets\Cars\Drag_u_lar\drag_u_larconvsoft_null.dir
G:\Steam\steamapps\common\Carmageddon TDR 2000\Assets\Cars\DubDub\Dub_Dubconsoft_null_1_1.dir
G:\Steam\steamapps\common\Carmageddon TDR 2000\Assets\Cars\Eagle4\eagle_mk4_v8ConvSoft_eagle_mk4.dir
G:\Steam\steamapps\common\Carmageddon TDR 2000\Assets\Cars\electric_blue\electric_blueconsoft_null.dir
G:\Steam\steamapps\common\Carmageddon TDR 2000\Assets\Cars\FemmeFatel\FemmeFatalConvsoft_Null.dir
G:\Steam\steamapps\common\Carmageddon TDR 2000\Assets\Cars\Fortress\Fortressconvsoft_Null.dir
G:\Steam\steamapps\common\Carmageddon TDR 2000\Assets\Cars\Funnycar\Funnycarmain_null.dir
G:\Steam\steamapps\common\Carmageddon TDR 2000\Assets\Cars\Garbo\Garbo_TruckConvsoft_Null.dir
G:\Steam\steamapps\common\Carmageddon TDR 2000\Assets\Cars\GolfCart\GolfCartMAIN_NULL.dir
G:\Steam\steamapps\common\Carmageddon TDR 2000\Assets\Cars\GreenCusher\Green_PumperConvsoft_Null.dir
G:\Steam\steamapps\common\Carmageddon TDR 2000\Assets\Cars\Hold-on\FB_Holdenconsoft_null.dir
G:\Steam\steamapps\common\Carmageddon TDR 2000\Assets\Cars\Hummer\Hummerconsoft_null_1.dir
G:\Steam\steamapps\common\Carmageddon TDR 2000\Assets\Cars\Interceptor\Interceptor_tempconsoft_null.dir
G:\Steam\steamapps\common\Carmageddon TDR 2000\Assets\Cars\Jadead\Jadeadconvsoft_null.dir
G:\Steam\steamapps\common\Carmageddon TDR 2000\Assets\Cars\Jaws\Jawsmain_null.dir
G:\Steam\steamapps\common\Carmageddon TDR 2000\Assets\Cars\Ka\KaConvsoft_Node.dir
G:\Steam\steamapps\common\Carmageddon TDR 2000\Assets\Cars\KingMerc\king_mercConsoft_null.dir
G:\Steam\steamapps\common\Carmageddon TDR 2000\Assets\Cars\Knave\KNAVEconsoft_null_1.dir
G:\Steam\steamapps\common\Carmageddon TDR 2000\Assets\Cars\Limey\LimeyMAIN_NULL.dir
G:\Steam\steamapps\common\Carmageddon TDR 2000\Assets\Cars\Lucifer\Lucifermain_null.dir
G:\Steam\steamapps\common\Carmageddon TDR 2000\Assets\Cars\machine\macxhineMachine_Convsoft.dir
G:\Steam\steamapps\common\Carmageddon TDR 2000\Assets\Cars\McKilem\McKilemMain_Null.dir
G:\Steam\steamapps\common\Carmageddon TDR 2000\Assets\Cars\Mighty_Muff\Mighty_Muffmain_null.dir
G:\Steam\steamapps\common\Carmageddon TDR 2000\Assets\Cars\MineTruck\MineTruckconvsoft_null_1.dir
G:\Steam\steamapps\common\Carmageddon TDR 2000\Assets\Cars\Mini\Minimain_null.dir
G:\Steam\steamapps\common\Carmageddon TDR 2000\Assets\Cars\Mustang\MustangMain_Null.dir
G:\Steam\steamapps\common\Carmageddon TDR 2000\Assets\Cars\PanVan\PanelVan2Convsoft_Null.dir
G:\Steam\steamapps\common\Carmageddon TDR 2000\Assets\Cars\PedBasher\PedMasherconvsoft.dir
G:\Steam\steamapps\common\Carmageddon TDR 2000\Assets\Cars\Pigs\Pigsmain_null.dir
G:\Steam\steamapps\common\Carmageddon TDR 2000\Assets\Cars\RubberDuckie\Rubber_Ducky2convsoft_null.dir
G:\Steam\steamapps\common\Carmageddon TDR 2000\Assets\Cars\Semi\Semimain_null.dir
G:\Steam\steamapps\common\Carmageddon TDR 2000\Assets\Cars\Shark\Sharkmain_null.dir
G:\Steam\steamapps\common\Carmageddon TDR 2000\Assets\Cars\Space Host\tri_jetconsoft_null.dir
G:\Steam\steamapps\common\Carmageddon TDR 2000\Assets\Cars\Sparrow\Red_SparrowConsoft_Null.dir
G:\Steam\steamapps\common\Carmageddon TDR 2000\Assets\Cars\Sportscar\Sportscarmain_null.dir
G:\Steam\steamapps\common\Carmageddon TDR 2000\Assets\Cars\Starsky\Starsky_HutchConsoft_null.dir
G:\Steam\steamapps\common\Carmageddon TDR 2000\Assets\Cars\Steamcar\Steamcarmain_null.dir
G:\Steam\steamapps\common\Carmageddon TDR 2000\Assets\Cars\Suppressor\suppressorconvsoft_null.dir
G:\Steam\steamapps\common\Carmageddon TDR 2000\Assets\Cars\TheChef\TheChefMAIN.dir
G:\Steam\steamapps\common\Carmageddon TDR 2000\Assets\Cars\TheWheel\TheWheelConvsoft_Node.dir
G:\Steam\steamapps\common\Carmageddon TDR 2000\Assets\Cars\The_Beast\The_BeastMAIN_NULL.dir
G:\Steam\steamapps\common\Carmageddon TDR 2000\Assets\Cars\The_New_Suppressor\The_New_Suppressorconvsoft_null.dir
G:\Steam\steamapps\common\Carmageddon TDR 2000\Assets\Cars\The_tank\TankConsoft_null_3.dir
G:\Steam\steamapps\common\Carmageddon TDR 2000\Assets\Cars\TNTUte\TNT_uteConvsoft_Null.dir
G:\Steam\steamapps\common\Carmageddon TDR 2000\Assets\Cars\ToeCutter\Toe_Cutter_CarConvsoft_Node.dir
G:\Steam\steamapps\common\Carmageddon TDR 2000\Assets\Cars\Tow_Meister\tow_meisterConvsoft_Null.dir
G:\Steam\steamapps\common\Carmageddon TDR 2000\Assets\Cars\TrobRod\ThrobRodconvsoft_node_2.dir
G:\Steam\steamapps\common\Carmageddon TDR 2000\Assets\Cars\Vlad\Vladmain_null_1.dir
G:\Steam\steamapps\common\Carmageddon TDR 2000\Assets\Cars\Vulture\Vulturenull_1_1.dir
G:\Steam\steamapps\common\Carmageddon TDR 2000\Assets\Cars\WitchDoctor\Which_DoctorConsoftNull.dir
G:\Steam\steamapps\common\Carmageddon TDR 2000\Assets\Cars\Wraith\TheWraithConvsoft_Null.dir
G:\Steam\steamapps\common\Carmageddon TDR 2000\Assets\Cars\Eagle4\Eagle_mk4_v8ConvSoft_eagle_mk4.hie
G:\Steam\steamapps\common\Carmageddon TDR 2000\Assets\Cars\Eagle4\eagle_mk4_v8ConvSoft_eagle_mk4.h
G:\Steam\steamapps\common\Carmageddon TDR 2000\Assets\Cars\Eagle4\Eagle_mk4_v8ConvSoft_eagle_mk4.hie
G:\Steam\steamapps\common\Carmageddon TDR 2000\Assets\Cars\Eagle4\eagle_mk4_v8ConvSoft_eagle_mk4.h
G:\Steam\steamapps\common\Carmageddon TDR 2000\Assets\Cars\Eagle4\Eagle_mk4_v8ConvSoft_eagle_mk4.hie
G:\Steam\steamapps\common\Carmageddon TDR 2000\Assets\Cars\Eagle4\eagle_mk4_v8ConvSoft_eagle_mk4.h
G:\Steam\steamapps\common\Carmageddon TDR 2000\Assets\Cars\Eagle4\Eagle_mk4_v8ConvSoft_eagle_mk4.hie
G:\Steam\steamapps\common\Carmageddon TDR 2000\Assets\Cars\Eagle4\eagle_mk4_v8ConvSoft_eagle_mk4.h
G:\Steam\steamapps\common\Carmageddon TDR 2000\Assets\Cars\Eagle4\Eagle_mk4_v8ConvSoft_eagle_mk4.hie
G:\Steam\steamapps\common\Carmageddon TDR 2000\Assets\Cars\Eagle4\eagle_mk4_v8ConvSoft_eagle_mk4.h
G:\Steam\steamapps\common\Carmageddon TDR 2000\Assets\Cars\Eagle4\Eagle_mk4_v8ConvSoft_eagle_mk4.mshs
G:\Steam\steamapps\common\Carmageddon TDR 2000\Assets\Cars\Eagle4\Eagle_mk4_v8ConvSoft_eagle_mk4.mshs
D:\TDRAssets\Cars\Adder\Adder.dir
D:\TDRAssets\Cars\Alpha\Alpha.dir
D:\TDRAssets\Cars\APC\APC.dir
D:\TDRAssets\Cars\AXEL\AXEL.dir
D:\TDRAssets\Cars\Bandit\Bandit.dir
D:\TDRAssets\Cars\Batmobile\BATMOBILE.dir
D:\TDRAssets\Cars\BeardedsWrath\BeardedsWrathconvsoft_null_1.dir
D:\TDRAssets\Cars\Beast\BeastMAIN_NULL.dir
D:\TDRAssets\Cars\Beetle\Beetle.dir
D:\TDRAssets\Cars\Bel Air\Bel Air.dir
D:\TDRAssets\Cars\Big Shot\Big Shotconsoft_null.dir
D:\TDRAssets\Cars\Bigdaddy\Bigdaddymain_null.dir
D:\TDRAssets\Cars\Adder\Adder.dir
D:\TDRAssets\Cars\Alpha\Alpha.dir
D:\TDRAssets\Cars\APC\APC.dir
D:\TDRAssets\Cars\AXEL\AXEL.dir
D:\TDRAssets\Cars\Bandit\Bandit.dir
D:\TDRAssets\Cars\Batmobile\BATMOBILE.dir
D:\TDRAssets\Cars\BeardedsWrath\BeardedsWrathconvsoft_null_1.dir
D:\TDRAssets\Cars\Beast\BeastMAIN_NULL.dir
D:\TDRAssets\Cars\Beetle\Beetle.dir
D:\TDRAssets\Cars\Bel Air\Bel Air.dir
D:\TDRAssets\Cars\Big Shot\Big Shotconsoft_null.dir
D:\TDRAssets\Cars\Bigdaddy\Bigdaddymain_null.dir
D:\TDRAssets\Cars\Bigfoot\bigfoot.dir
D:\TDRAssets\Cars\BigHorn\BigHorn.dir
D:\TDRAssets\Cars\Black Hatch\Black Hatch_tempconsoft_null.dir
D:\TDRAssets\Cars\Blazer\Blazer.dir
D:\TDRAssets\Cars\blood&bones\blood&bones.dir
D:\TDRAssets\Cars\BloodMixer\BloodMixer.dir
D:\TDRAssets\Cars\Bohemoth\Bohemoth.dir
D:\TDRAssets\Cars\Boss\BossMain_Null.dir
D:\TDRAssets\Cars\Brickster\Brickster.dir
D:\TDRAssets\Cars\Buggin\Buggin.dir
D:\TDRAssets\Cars\Bullet\Bullet.dir
D:\TDRAssets\Cars\Bumble Bee\Bumble Beeconsoft_null_1.dir
D:\TDRAssets\Cars\Buster\Buster.dir
D:\TDRAssets\Cars\CaddyFatCat\CaddyFatCat.dir
D:\TDRAssets\Cars\canomobile\canomobile.dir
D:\TDRAssets\Cars\Canto\Canto.dir
D:\TDRAssets\Cars\cartdog\cartdog.dir
D:\TDRAssets\Cars\Carter\Carter.dir
D:\TDRAssets\Cars\Cathedra\Cathedra.dir
D:\TDRAssets\Cars\cheetah\Cheetah.dir
D:\TDRAssets\Cars\Chef\ChefMAIN.dir
D:\TDRAssets\Cars\Cobra\Cobra.dir
D:\TDRAssets\Cars\Cop Cruiser\Cop Cruiser.dir
D:\TDRAssets\Cars\Crimson\Crimson.dir
D:\TDRAssets\Cars\Da Panzer\Da Panzer_null_3.dir
D:\TDRAssets\Cars\DangerField\DangerField.dir
D:\TDRAssets\Cars\Darkside\Darkside.dir
D:\TDRAssets\Cars\DeltaTank\DeltaTank.dir
D:\TDRAssets\Cars\Die-Ablo\Die-ablo.dir
D:\TDRAssets\Cars\doozer\DOOZER.dir
D:\TDRAssets\Cars\Double-T\Double-T.dir
D:\TDRAssets\Cars\Drag-u-La\Drag-u-Laconvsoft_null.dir
D:\TDRAssets\Cars\Dubsta\Dubsta.dir
D:\TDRAssets\Cars\dumpster\Dumpster.dir
D:\TDRAssets\Cars\Dune King\Dune Kingmain_null.dir
D:\TDRAssets\Cars\Dutch\Dutch.dir
D:\TDRAssets\Cars\Eagle1\Eagle1.dir
D:\TDRAssets\Cars\Eagle3\Eagle3.dir
D:\TDRAssets\Cars\Eagle4\eagle_mk4_v8ConvSoft_eagle_mk4.dir
D:\TDRAssets\Cars\EightBall\EightBall.dir
D:\TDRAssets\Cars\Electric Blue\Electric Blueconsoft_null.dir
D:\TDRAssets\Cars\Emperor\Emperor.dir
D:\TDRAssets\Cars\Enforcer\Enforcerconsoft_null.dir
D:\TDRAssets\Cars\Fastrax\FASTRAX.dir
D:\TDRAssets\Cars\FemmeFatel\FemmeFatalConvsoft_Null.dir
D:\TDRAssets\Cars\Firebird\Firebird.dir
D:\TDRAssets\Cars\FleetMaster\FleetMaster.dir
D:\TDRAssets\Cars\Fortress\Fortressconvsoft_Null.dir
D:\TDRAssets\Cars\Fragment\Fragment.dir
D:\TDRAssets\Cars\Freightliner\Freightliner.dir
D:\TDRAssets\Cars\Fueler\Fueler.dir
D:\TDRAssets\Cars\General-Lee\General-Lee.dir
D:\TDRAssets\Cars\Goldie\Goldie.dir
D:\TDRAssets\Cars\Gorvette\GorvetteMAIN_NULL.dir
D:\TDRAssets\Cars\Granger\Granger.dir
D:\TDRAssets\Cars\Green Hammer\Green HammerConvsoft_Null.dir
D:\TDRAssets\Cars\Grungy\Grungy.dir
D:\TDRAssets\Cars\Guardian\Guardian.dir
D:\TDRAssets\Cars\Harry\Harry.dir
D:\TDRAssets\Cars\HawkMK4\HawkMK4.dir
D:\TDRAssets\Cars\heavy\heavy.dir
D:\TDRAssets\Cars\hedgehog\HedgeHog.dir
D:\TDRAssets\Cars\HellMaster\HellMaster.dir
D:\TDRAssets\Cars\Hellrod\Hellrod.dir
D:\TDRAssets\Cars\hulkmachine\hulkmachine.dir
D:\TDRAssets\Cars\Husky\HuskyConsoft_null.dir
D:\TDRAssets\Cars\I-Scream\I-Scream.dir
D:\TDRAssets\Cars\Impailer\Impailer.dir
D:\TDRAssets\Cars\Indigo\Indigo.dir
D:\TDRAssets\Cars\Infernus\Infernus.dir
D:\TDRAssets\Cars\IronHorse\IronHorse.dir
D:\TDRAssets\Cars\Jadead\Jadeadconvsoft_null.dir
D:\TDRAssets\Cars\Jaguar\Jaguar.dir
D:\TDRAssets\Cars\Jaws\Jawsmain_null.dir
D:\TDRAssets\Cars\Jester\Jester.dir
D:\TDRAssets\Cars\Jones\Jones.dir
D:\TDRAssets\Cars\Journey\Journey.dir
D:\TDRAssets\Cars\Judge\Judge.dir
D:\TDRAssets\Cars\Kennyload\KENNYLOAD.dir
D:\TDRAssets\Cars\Kenworth\Kenworthmain_null.dir
D:\TDRAssets\Cars\Killa Kart\Killa KartMAIN_NULL.dir
D:\TDRAssets\Cars\KingMerc\king_mercConsoft_null.dir
D:\TDRAssets\Cars\Knave\KNAVEconsoft_null_1.dir
D:\TDRAssets\Cars\Limey\LimeyMAIN_NULL.dir
D:\TDRAssets\Cars\Lincolnizer\Lincolnizer.dir
D:\TDRAssets\Cars\Loaded\Loaded.dir
D:\TDRAssets\Cars\Lobo\Lobo.dir
D:\TDRAssets\Cars\Lucifer\Lucifermain_null.dir
D:\TDRAssets\Cars\Luxor\Luxor.dir
D:\TDRAssets\Cars\Lynx\Lynx.dir
D:\TDRAssets\Cars\machine\macxhineMachine_Convsoft.dir
D:\TDRAssets\Cars\Magmatic\Magmatic.dir
D:\TDRAssets\Cars\Mallard\Mallard.dir
D:\TDRAssets\Cars\Mandarin\Mandarin.dir
D:\TDRAssets\Cars\Mangler\Mangler.dir
D:\TDRAssets\Cars\MarkIV\MarkIV.dir
D:\TDRAssets\Cars\Master Mine\Master Mineconvsoft_null_1.dir
D:\TDRAssets\Cars\MasterOfDisaster\MasterOfDisaster.dir
D:\TDRAssets\Cars\McKilem\McKilemMain_Null.dir
D:\TDRAssets\Cars\Mecha\MechaConvsoft_Node.dir
D:\TDRAssets\Cars\MonsterMasher\MonsterMasher.dir
D:\TDRAssets\Cars\Monty\Monty.dir
D:\TDRAssets\Cars\Mudslinger\Mudslinger.dir
D:\TDRAssets\Cars\Mule\Mule.dir
D:\TDRAssets\Cars\NaScare-3\NaScare-3.dir
D:\TDRAssets\Cars\Nebula\Nebula.dir
D:\TDRAssets\Cars\New Suppressor\New Suppressorconvsoft_null.dir
D:\TDRAssets\Cars\NivaBronto\nivaBronto.dir
D:\TDRAssets\Cars\Nova\Nova.dir
D:\TDRAssets\Cars\Ominous\OMINOUS.dir
D:\TDRAssets\Cars\Adder\Adder.dir
D:\TDRAssets\Cars\Alpha\Alpha.dir
D:\TDRAssets\Cars\APC\APC.dir
D:\TDRAssets\Cars\AXEL\AXEL.dir
D:\TDRAssets\Cars\Bandit\Bandit.dir
D:\TDRAssets\Cars\Batmobile\BATMOBILE.dir
D:\TDRAssets\Cars\BeardedsWrath\BeardedsWrathconvsoft_null_1.dir
D:\TDRAssets\Cars\Beast\BeastMAIN_NULL.dir
D:\TDRAssets\Cars\Beetle\Beetle.dir
D:\TDRAssets\Cars\Bel Air\Bel Air.dir
D:\TDRAssets\Cars\Big Shot\Big Shotconsoft_null.dir
D:\TDRAssets\Cars\Bigdaddy\Bigdaddymain_null.dir
D:\TDRAssets\Cars\Bigfoot\bigfoot.dir
D:\TDRAssets\Cars\BigHorn\BigHorn.dir
D:\TDRAssets\Cars\Black Hatch\Black Hatch_tempconsoft_null.dir
D:\TDRAssets\Cars\Blazer\Blazer.dir
D:\TDRAssets\Cars\blood&bones\blood&bones.dir
D:\TDRAssets\Cars\BloodMixer\BloodMixer.dir
D:\TDRAssets\Cars\Bohemoth\Bohemoth.dir
D:\TDRAssets\Cars\Boss\BossMain_Null.dir
D:\TDRAssets\Cars\Brickster\Brickster.dir
D:\TDRAssets\Cars\Buggin\Buggin.dir
D:\TDRAssets\Cars\Bullet\Bullet.dir
D:\TDRAssets\Cars\Bumble Bee\Bumble Beeconsoft_null_1.dir
D:\TDRAssets\Cars\Buster\Buster.dir
D:\TDRAssets\Cars\CaddyFatCat\CaddyFatCat.dir
D:\TDRAssets\Cars\canomobile\canomobile.dir
D:\TDRAssets\Cars\Canto\Canto.dir
D:\TDRAssets\Cars\cartdog\cartdog.dir
D:\TDRAssets\Cars\Carter\Carter.dir
D:\TDRAssets\Cars\Cathedra\Cathedra.dir
D:\TDRAssets\Cars\cheetah\Cheetah.dir
D:\TDRAssets\Cars\Chef\ChefMAIN.dir
D:\TDRAssets\Cars\Cobra\Cobra.dir
D:\TDRAssets\Cars\Cop Cruiser\Cop Cruiser.dir
D:\TDRAssets\Cars\Crimson\Crimson.dir
D:\TDRAssets\Cars\Da Panzer\Da Panzer_null_3.dir
D:\TDRAssets\Cars\DangerField\DangerField.dir
D:\TDRAssets\Cars\Darkside\Darkside.dir
D:\TDRAssets\Cars\DeltaTank\DeltaTank.dir
D:\TDRAssets\Cars\Die-Ablo\Die-ablo.dir
D:\TDRAssets\Cars\doozer\DOOZER.dir
D:\TDRAssets\Cars\Double-T\Double-T.dir
D:\TDRAssets\Cars\Drag-u-La\Drag-u-Laconvsoft_null.dir
D:\TDRAssets\Cars\Dubsta\Dubsta.dir
D:\TDRAssets\Cars\dumpster\Dumpster.dir
D:\TDRAssets\Cars\Dune King\Dune Kingmain_null.dir
D:\TDRAssets\Cars\Dutch\Dutch.dir
D:\TDRAssets\Cars\Eagle1\Eagle1.dir
D:\TDRAssets\Cars\Eagle3\Eagle3.dir
D:\TDRAssets\Cars\Eagle4\eagle_mk4_v8ConvSoft_eagle_mk4.dir
D:\TDRAssets\Cars\EightBall\EightBall.dir
D:\TDRAssets\Cars\Electric Blue\Electric Blueconsoft_null.dir
D:\TDRAssets\Cars\Emperor\Emperor.dir
D:\TDRAssets\Cars\Enforcer\Enforcerconsoft_null.dir
D:\TDRAssets\Cars\Fastrax\FASTRAX.dir
D:\TDRAssets\Cars\FemmeFatel\FemmeFatalConvsoft_Null.dir
D:\TDRAssets\Cars\Firebird\Firebird.dir
D:\TDRAssets\Cars\FleetMaster\FleetMaster.dir
D:\TDRAssets\Cars\Fortress\Fortressconvsoft_Null.dir
D:\TDRAssets\Cars\Fragment\Fragment.dir
D:\TDRAssets\Cars\Freightliner\Freightliner.dir
D:\TDRAssets\Cars\Fueler\Fueler.dir
D:\TDRAssets\Cars\General-Lee\General-Lee.dir
D:\TDRAssets\Cars\Goldie\Goldie.dir
D:\TDRAssets\Cars\Gorvette\GorvetteMAIN_NULL.dir
D:\TDRAssets\Cars\Granger\Granger.dir
D:\TDRAssets\Cars\Green Hammer\Green HammerConvsoft_Null.dir
D:\TDRAssets\Cars\Grungy\Grungy.dir
D:\TDRAssets\Cars\Guardian\Guardian.dir
D:\TDRAssets\Cars\Harry\Harry.dir
D:\TDRAssets\Cars\HawkMK4\HawkMK4.dir
D:\TDRAssets\Cars\heavy\heavy.dir
D:\TDRAssets\Cars\hedgehog\HedgeHog.dir
D:\TDRAssets\Cars\HellMaster\HellMaster.dir
D:\TDRAssets\Cars\Hellrod\Hellrod.dir
D:\TDRAssets\Cars\hulkmachine\hulkmachine.dir
D:\TDRAssets\Cars\Husky\HuskyConsoft_null.dir
D:\TDRAssets\Cars\I-Scream\I-Scream.dir
D:\TDRAssets\Cars\Impailer\Impailer.dir
D:\TDRAssets\Cars\Indigo\Indigo.dir
D:\TDRAssets\Cars\Infernus\Infernus.dir
D:\TDRAssets\Cars\IronHorse\IronHorse.dir
D:\TDRAssets\Cars\Jadead\Jadeadconvsoft_null.dir
D:\TDRAssets\Cars\Jaguar\Jaguar.dir
D:\TDRAssets\Cars\Jaws\Jawsmain_null.dir
D:\TDRAssets\Cars\Jester\Jester.dir
D:\TDRAssets\Cars\Jones\Jones.dir
D:\TDRAssets\Cars\Journey\Journey.dir
D:\TDRAssets\Cars\Judge\Judge.dir
D:\TDRAssets\Cars\Kennyload\KENNYLOAD.dir
D:\TDRAssets\Cars\Kenworth\Kenworthmain_null.dir
D:\TDRAssets\Cars\Killa Kart\Killa KartMAIN_NULL.dir
D:\TDRAssets\Cars\KingMerc\king_mercConsoft_null.dir
D:\TDRAssets\Cars\Knave\KNAVEconsoft_null_1.dir
D:\TDRAssets\Cars\Limey\LimeyMAIN_NULL.dir
D:\TDRAssets\Cars\Lincolnizer\Lincolnizer.dir
D:\TDRAssets\Cars\Loaded\Loaded.dir
D:\TDRAssets\Cars\Lobo\Lobo.dir
D:\TDRAssets\Cars\Lucifer\Lucifermain_null.dir
D:\TDRAssets\Cars\Luxor\Luxor.dir
D:\TDRAssets\Cars\Lynx\Lynx.dir
D:\TDRAssets\Cars\machine\macxhineMachine_Convsoft.dir
D:\TDRAssets\Cars\Magmatic\Magmatic.dir
D:\TDRAssets\Cars\Mallard\Mallard.dir
D:\TDRAssets\Cars\Mandarin\Mandarin.dir
D:\TDRAssets\Cars\Mangler\Mangler.dir
D:\TDRAssets\Cars\MarkIV\MarkIV.dir
D:\TDRAssets\Cars\Master Mine\Master Mineconvsoft_null_1.dir
D:\TDRAssets\Cars\MasterOfDisaster\MasterOfDisaster.dir
D:\TDRAssets\Cars\McKilem\McKilemMain_Null.dir
D:\TDRAssets\Cars\Mecha\MechaConvsoft_Node.dir
D:\TDRAssets\Cars\MonsterMasher\MonsterMasher.dir
D:\TDRAssets\Cars\Monty\Monty.dir
D:\TDRAssets\Cars\Mudslinger\Mudslinger.dir
D:\TDRAssets\Cars\Mule\Mule.dir
D:\TDRAssets\Cars\NaScare-3\NaScare-3.dir
D:\TDRAssets\Cars\Nebula\Nebula.dir
D:\TDRAssets\Cars\New Suppressor\New Suppressorconvsoft_null.dir
D:\TDRAssets\Cars\NivaBronto\nivaBronto.dir
D:\TDRAssets\Cars\Nova\Nova.dir
D:\TDRAssets\Cars\Outlaw\Outlaw.dir
D:\TDRAssets\Cars\Outsiders\OUTSIDERS.dir
D:\TDRAssets\Cars\Panazz\Panazz.dir
D:\TDRAssets\Cars\Pantera\Pantera.dir
D:\TDRAssets\Cars\PedBasher\PedMasherconvsoft.dir
D:\TDRAssets\Cars\Phantom\Phantom.dir
D:\TDRAssets\Cars\Pigs\Pigsmain_null.dir
D:\TDRAssets\Cars\Pogo\Pogomain_null.dir
D:\TDRAssets\Cars\Police Plow\Police PlowConvsoft_Node.dir
D:\TDRAssets\Cars\PonyUp\PonyUp.dir
D:\TDRAssets\Cars\PowerWagon\PowerWagon.dir
D:\TDRAssets\Cars\RADillac\RADillac.dir
D:\TDRAssets\Cars\Radius\Radius.dir
D:\TDRAssets\Cars\raider\raider.dir
D:\TDRAssets\Cars\RailDriver\RailDriver.dir
D:\TDRAssets\Cars\Ranchero\Ranchero.dir
D:\TDRAssets\Cars\Ranger\Ranger.dir
D:\TDRAssets\Cars\rattrap\rattrap.dir
D:\TDRAssets\Cars\Razor\Razor.dir
D:\TDRAssets\Cars\RegalThunder\RegalThunder.dir
D:\TDRAssets\Cars\Rhino\Rhino.dir
D:\TDRAssets\Cars\Rock Crawler\Rock Crawler.dir
D:\TDRAssets\Cars\Roosevelt\Roosevelt.dir
D:\TDRAssets\Cars\Royal\Royal.dir
D:\TDRAssets\Cars\RubberDuckie\Rubber_Ducky2convsoft_null.dir
D:\TDRAssets\Cars\Saleen\Saleen.dir
D:\TDRAssets\Cars\sasquatch\sasquatch.dir
D:\TDRAssets\Cars\scarecrow\scarecrow.dir
D:\TDRAssets\Cars\Shadow\Shadow.dir
D:\TDRAssets\Cars\Shark\Sharkmain_null.dir
D:\TDRAssets\Cars\shoebox\shoebox.dir
D:\TDRAssets\Cars\ShortyBus\Shortybus.dir
D:\TDRAssets\Cars\SilverStar\SilverStar.dir
D:\TDRAssets\Cars\Skulldriver\Skulldriver.dir
D:\TDRAssets\Cars\Skyline\Skyline.dir
D:\TDRAssets\Cars\SlightlyModified\SlightlyModified.dir
D:\TDRAssets\Cars\Snake\Snakemain_null.dir
D:\TDRAssets\Cars\Solaar\Solaar.dir
D:\TDRAssets\Cars\Soopra\Soopra.dir
D:\TDRAssets\Cars\Soul Harvester\Soul Harvesternull_2.dir
D:\TDRAssets\Cars\Spangled\Spangled.dir
D:\TDRAssets\Cars\Sparrow\Red_SparrowConsoft_Null.dir
D:\TDRAssets\Cars\Spectre\Spectreconsoft_null.dir
D:\TDRAssets\Cars\SpeedPlow\SpeedPlow.dir
D:\TDRAssets\Cars\Sprocket\Sprocket.dir
D:\TDRAssets\Cars\Spyder\Spyder.dir
D:\TDRAssets\Cars\Stallion\Stallion.dir
D:\TDRAssets\Cars\Stang\Stang.dir
D:\TDRAssets\Cars\Steam Machine\Steam Machinemain_null.dir
D:\TDRAssets\Cars\Steamed\Steamed.dir
D:\TDRAssets\Cars\Stigosor\Stigosor.dir
D:\TDRAssets\Cars\Stiletto\Stiletto.dir
D:\TDRAssets\Cars\Stinger\Stinger.dir
D:\TDRAssets\Cars\Stormbringer\Stormbringermain_null.dir
D:\TDRAssets\Cars\stretch\stretch.dir
D:\TDRAssets\Cars\Sturmpanzerwagon\Sturmpanzerwagon.dir
D:\TDRAssets\Cars\SuperCharger\SuperChargerconsoft_null.dir
D:\TDRAssets\Cars\Suppressor\suppressorconvsoft_null.dir
D:\TDRAssets\Cars\SurfCrate\SurfCrate.dir
D:\TDRAssets\Cars\Tashita\Tashita.dir
D:\TDRAssets\Cars\Throb Rod\Throb Rodconvsoft_node_2.dir
D:\TDRAssets\Cars\Thummper\Thummperconsoft_null_1.dir
D:\TDRAssets\Cars\Thunder\Thunder.dir
D:\TDRAssets\Cars\TNT\TNTConvsoft_Null.dir
D:\TDRAssets\Cars\ToeCutter\Toe_Cutter_CarConvsoft_Node.dir
D:\TDRAssets\Cars\Tomahawk\Tomahawkconsoft_null_1_1.dir
D:\TDRAssets\Cars\TomCat\Bandit-TomCat.dir
D:\TDRAssets\Cars\Tornado\Tornado.dir
D:\TDRAssets\Cars\Tow Meister\Tow MeisterConvsoft_Null.dir
D:\TDRAssets\Cars\Trashmaster\TrashmasterConvsoft_Null.dir
D:\TDRAssets\Cars\Tres Hombres\Tres Hombresmain_null.dir
D:\TDRAssets\Cars\Tubber\Tubber.dir
D:\TDRAssets\Cars\Turismo\Turismo.dir
D:\TDRAssets\Cars\Tusker\Tusker.dir
D:\TDRAssets\Cars\Twister2\TWISTER2.dir
D:\TDRAssets\Cars\Valhella\Valhella.dir
D:\TDRAssets\Cars\Veloce\Veloce.dir
D:\TDRAssets\Cars\Vetter\Vetter.dir
D:\TDRAssets\Cars\Violator\Violator.dir
D:\TDRAssets\Cars\Viper\ViperConvsoft_Null.dir
D:\TDRAssets\Cars\Virgo\Virgo.dir
D:\TDRAssets\Cars\Vlad\Vladmain_null_1.dir
D:\TDRAssets\Cars\Vollente\Vollente.dir
D:\TDRAssets\Cars\Vulture\Vulturenull_1_1.dir
D:\TDRAssets\Cars\waterslaughter\waterslaughter.dir
D:\TDRAssets\Cars\Wheel\WheelConvsoft_Node.dir
D:\TDRAssets\Cars\Wirebox\Wirebox.dir
D:\TDRAssets\Cars\WitchDoctor\Which_DoctorConsoftNull.dir
D:\TDRAssets\Cars\Wraith\TheWraithConvsoft_Null.dir
D:\TDRAssets\Cars\Zion\Zion.dir
d:\TDRassets\Cars\Eagle4\Eagle_mk4_v8ConvSoft_eagle_mk4.mshs
d:\TDRassets\Cars\Eagle4\Eagle_mk4_v8ConvSoft_eagle_mk4.mshs
d:\TDRassets\Cars\Eagle4\Eagle_mk4_v8ConvSoft_eagle_mk4.mshs
d:\TDRassets\Cars\Eagle4\Eagle_mk4_v8ConvSoft_eagle_mk4.mshs
d:\TDRassets\Cars\Eagle4\Eagle_mk4_v8ConvSoft_eagle_mk4.hie
d:\TDRassets\Cars\Eagle4\eagle_mk4_v8ConvSoft_eagle_mk4.h
d:\TDRassets\Cars\Da Panzer\TankConsoft_null_3.mshs
d:\TDRassets\Cars\Eagle4\Eagle_mk4_v8ConvSoft_eagle_mk4.hie
d:\TDRassets\Cars\Eagle4\eagle_mk4_v8ConvSoft_eagle_mk4.h
D:\CarmAndroid\WADs\Data_Modded\Data\Content\Textures\SHPFLAIR.img
1.0 : Compressed, OneBitAlpha : 0 : XRGB
D:\CarmAndroid\WADs\Data_Modded\Data\Content\Textures\APTLITE.img
1.0 : Compressed, OneBitAlpha : Huffman : PlaneXRGB
D:\CarmAndroid\WADs\Data_Modded\Data\Content\Textures\TILE3.img
1.0 : Compressed : Huffman : PlaneXRGB
D:\CarmAndroid\WADs\Data_Modded\Data\Content\Textures\STNLITE.img
1.0 : Compressed : Huffman : PlaneXRGB
D:\CarmAndroid\WADs\Data_Modded\Data\Content\Textures\BRNWNDW.img
1.0 : Compressed : Huffman : PlaneXRGB
D:\CarmAndroid\WADs\Data_Modded\Data\Content\Textures\SWNGDOOR.img
1.0 : Compressed : Huffman : PlaneXRGB
D:\CarmAndroid\WADs\Data_Modded\Data\Content\Textures\CROWD.img
1.0 : Compressed : Huffman : PlaneXRGB
D:\CarmAndroid\WADs\Data_Modded\Data\Content\Textures\MTILEDRK.img
1.0 : Compressed : Huffman : PlaneXRGB
D:\CarmAndroid\WADs\Data_Modded\Data\Content\Textures\MWALLIT.img
1.0 : Compressed : Huffman : PlaneXRGB
D:\CarmAndroid\WADs\Data_Modded\Data\Content\Textures\GRASS1A.img
1.0 : Compressed : Huffman : PlaneXRGB
D:\CarmAndroid\WADs\Data_Modded\Data\Content\Textures\NFLTURF.img
1.0 : Compressed : Huffman : PlaneXRGB
D:\CarmAndroid\WADs\Data_Modded\Data\Content\Textures\BANNER.img
1.0 : Compressed : Huffman : PlaneXRGB
D:\CarmAndroid\WADs\Data_Modded\Data\Content\Textures\BROPEN.img
1.0 : Compressed, OneBitAlpha : Huffman : PlaneXRGB
D:\CarmAndroid\WADs\Data_Modded\Data\Content\Textures\BRWALL1.img
1.0 : Compressed, OneBitAlpha : Huffman : PlaneXRGB
D:\CarmAndroid\WADs\Data_Modded\Data\Content\Textures\LOUVRE1.img
1.0 : Compressed : Huffman : PlaneXRGB
D:\CarmAndroid\WADs\Data_Modded\Data\Content\Textures\GRYWNDW.img
1.0 : Compressed : Huffman : PlaneXRGB
D:\CarmAndroid\WADs\Data_Modded\Data\Content\Textures\SCILOGO.img
1.0 : Compressed : LIC : PlaneXRGB
D:\CarmAndroid\WADs\Data_Modded\Data\Content\Textures\SHUTDOOR.img
1.0 : Compressed : Huffman : PlaneXRGB
D:\CarmAndroid\WADs\Data_Modded\Data\Content\Textures\WALL.img
1.0 : Compressed : Huffman : PlaneXRGB
D:\CarmAndroid\WADs\Data_Modded\Data\Content\Textures\WALL3.img
1.0 : Compressed, OneBitAlpha : Huffman : PlaneXRGB
D:\CarmAndroid\WADs\Data_Modded\Data\Content\Textures\WALL4.img
1.0 : Compressed, OneBitAlpha : Huffman : PlaneXRGB
D:\CarmAndroid\WADs\Data_Modded\Data\Content\Textures\WTWAL4.img
1.0 : Compressed : Huffman : PlaneXRGB
D:\CarmAndroid\WADs\Data_Modded\Data\Content\Textures\WTGRIL2.img
1.0 : Compressed, OneBitAlpha : Huffman : PlaneXRGB
D:\CarmAndroid\WADs\Data_Modded\Data\Content\Textures\WTWAL2.img
1.0 : Compressed : Huffman : PlaneXRGB
D:\CarmAndroid\WADs\Data_Modded\Data\Content\Textures\STNDARK.img
1.0 : Compressed : Huffman : PlaneXRGB
D:\CarmAndroid\WADs\Data_Modded\Data\Content\Textures\3GRILLS.img
1.0 : Compressed : Huffman : PlaneXRGB
D:\CarmAndroid\WADs\Data_Modded\Data\Content\Textures\GRILSHOP.img
1.0 : Compressed, OneBitAlpha : Huffman : PlaneXRGB
D:\CarmAndroid\WADs\Data_Modded\Data\Content\Textures\WTDOOR.img
1.0 : Compressed, OneBitAlpha : Huffman : PlaneXRGB
D:\CarmAndroid\WADs\Data_Modded\Data\Content\Textures\OPENING4.img
1.0 : Compressed : Huffman : PlaneXRGB
D:\CarmAndroid\WADs\Data_Modded\Data\Content\Textures\SEACRT1.img
1.0 : Compressed : Huffman : PlaneXRGB
D:\CarmAndroid\WADs\Data_Modded\Data\Content\Textures\CONCRT1.img
1.0 : Compressed : Huffman : PlaneXRGB
D:\CarmAndroid\WADs\Data_Modded\Data\Content\Textures\3WINDWS.img
1.0 : Compressed : Huffman : PlaneXRGB
D:\CarmAndroid\WADs\Data_Modded\Data\Content\Textures\ROTADOOR.img
1.0 : Compressed, OneBitAlpha : Huffman : PlaneXRGB
D:\CarmAndroid\WADs\Data_Modded\Data\Content\Textures\TILE2.img
1.0 : Compressed : Huffman : PlaneXRGB
D:\CarmAndroid\WADs\Data_Modded\Data\Content\Textures\SEACPLAT.img
1.0 : Compressed : Huffman : PlaneXRGB
D:\CarmAndroid\WADs\Data_Modded\Data\Content\Textures\RIDGED02.img
1.0 : Compressed : Huffman : PlaneXRGB
D:\CarmAndroid\WADs\Data_Modded\Data\Content\Textures\SHUTFRNT.img
1.0 : Compressed : Huffman : PlaneXRGB
D:\CarmAndroid\WADs\Data_Modded\Data\Content\Textures\VLTROOF.img
1.0 : Compressed : Huffman : PlaneXRGB
D:\CarmAndroid\WADs\Data_Modded\Data\Content\Textures\DRKPLATE.img
1.0 : Compressed : Huffman : PlaneXRGB
D:\CarmAndroid\WADs\Data_Modded\Data\Content\Textures\WALL2.img
1.0 : Compressed : Huffman : PlaneXRGB
D:\CarmAndroid\WADs\Data_Modded\Data\Content\Textures\OPENING1.img
1.0 : Compressed : Huffman : PlaneXRGB
D:\CarmAndroid\WADs\Data_Modded\Data\Content\Textures\PILLARS1.img
1.0 : Compressed : Huffman : PlaneXRGB
D:\CarmAndroid\WADs\Data_Modded\Data\Content\Textures\DRWAY.img
1.0 : Compressed : Huffman : PlaneXRGB
D:\CarmAndroid\WADs\Data_Modded\Data\Content\Textures\BRWINDW3.img
1.0 : Compressed : Huffman : PlaneXRGB
D:\CarmAndroid\WADs\Data_Modded\Data\Content\Textures\APT3.img
1.0 : Compressed : Huffman : PlaneXRGB
D:\CarmAndroid\WADs\Data_Modded\Data\Content\Textures\TRILITE.img
1.0 : Compressed : Huffman : PlaneXRGB
D:\CarmAndroid\WADs\Data_Modded\Data\Content\Textures\BUILD2A.img
1.0 : Compressed : Huffman : PlaneXRGB
D:\CarmAndroid\WADs\Data_Modded\Data\Content\Textures\GBRIKWAL.img
1.0 : Compressed : Huffman : PlaneXRGB
D:\CarmAndroid\WADs\Data_Modded\Data\Content\Textures\TILE01.img
1.0 : Compressed, OneBitAlpha : Huffman : PlaneXRGB
D:\CarmAndroid\WADs\Data_Modded\Data\Content\Textures\LAMPOST.img
1.0 : Compressed, OneBitAlpha : LIC : PlaneARGB
D:\CarmAndroid\WADs\Data_Modded\Data\Content\Textures\LAMPTOP.img
1.0 : Compressed : Huffman : PlaneXRGB
D:\CarmAndroid\WADs\Data_Modded\Data\Content\Textures\arrowon.img
1.0 : Compressed : 0 : XRGB
D:\CarmAndroid\WADs\Data_Modded\Data\Content\Textures\newcheck.img
1.0 : Compressed : 0 : PlaneXRGB
D:\CarmAndroid\WADs\Data_Modded\Data\Content\Textures\ulitbot.img
1.0 : Compressed, OneBitAlpha : LIC : ARGB
D:\CarmAndroid\WADs\Data_Modded\Data\Content\Textures\ulitbot.img
1.0 : Compressed, OneBitAlpha : LIC : ARGB
D:\CarmAndroid\WADs\Data_Modded\Data\Content\Textures\&03traff.img
1.0 : Compressed : LIC : PlaneXRGB
D:\CarmAndroid\WADs\Data_Modded\Data\Content\Textures\TLITPOST.img
1.0 : Compressed, OneBitAlpha : 0 : ARGB
D:\CarmAndroid\WADs\Data_Modded\Data\Content\Textures\ULITBOT.img
1.0 : Compressed, OneBitAlpha : LIC : ARGB
D:\CarmAndroid\WADs\Data_Modded\Data\Content\Textures\ulitbot.img
1.0 : Compressed, OneBitAlpha : LIC : ARGB
D:\CarmAndroid\WADs\Data_Modded\Data\Content\Textures\ulitbot.img
1.0 : Compressed, OneBitAlpha : LIC : ARGB
D:\CarmAndroid\WADs\Data_Modded\Data\Content\Textures\ulitbot.img
1.0 : Compressed, OneBitAlpha : LIC : ARGB
D:\CarmAndroid\WADs\Data_Modded\Data\Content\Textures\ulitbot.img
1.0 : Compressed, OneBitAlpha : LIC : ARGB
D:\CarmAndroid\WADs\Data_Modded\Data\Content\Textures\ULITBOT.img
1.0 : Compressed, OneBitAlpha : LIC : ARGB
D:\CarmAndroid\WADs\Data_Modded\Data\Content\Textures\&07sign.img
1.0 : Compressed, OneBitAlpha : Huffman : PlaneARGB
D:\CarmAndroid\WADs\Data_Modded\Data\Content\Textures\&00gas.img
1.0 : Compressed : LIC : PlaneXRGB
D:\CarmAndroid\WADs\Data_Modded\Data\Content\Textures\&37dc2.img
1.0 : Compressed : LIC : PlaneXRGB
D:\CarmAndroid\WADs\Data_Modded\Data\Content\Textures\&06fone.img
1.0 : Compressed, OneBitAlpha : LIC : PlaneARGB
D:\CarmAndroid\WADs\Data_Modded\Data\Content\Textures\&35tree.img
1.0 : Compressed, OneBitAlpha : Huffman : PlaneARGB
D:\CarmAndroid\WADs\Data_Modded\Data\Content\Textures\TREEA.img
1.0 : Compressed, OneBitAlpha : Huffman : PlaneARGB
D:\CarmAndroid\WADs\Data_Modded\Data\Content\Textures\ulitbot.img
1.0 : Compressed, OneBitAlpha : LIC : ARGB
D:\CarmAndroid\WADs\Data_Modded\Data\Content\Textures\ULITBOT.img
1.0 : Compressed, OneBitAlpha : LIC : ARGB
D:\CarmAndroid\WADs\Data_Modded\Data\Content\Textures\ulitbot.img
1.0 : Compressed, OneBitAlpha : LIC : ARGB
D:\CarmAndroid\WADs\Data_Modded\Data\Content\Textures\ULITBOT.img
1.0 : Compressed, OneBitAlpha : LIC : ARGB
D:\CarmAndroid\WADs\Data_Modded\Data\Content\Textures\ulitbot.img
1.0 : Compressed, OneBitAlpha : LIC : ARGB
D:\CarmAndroid\WADs\Data_Modded\Data\Content\Textures\ULITBOT.img
1.0 : Compressed, OneBitAlpha : LIC : ARGB
D:\CarmAndroid\WADs\Data_Modded\Data\Content\Textures\NPLATE.img
1.0 : Compressed, OneBitAlpha : Huffman : PlaneARGB
D:\CarmAndroid\WADs\Data_Modded\Data\Content\Textures\&crn.img
1.0 : Compressed, OneBitAlpha : LIC : PlaneARGB
D:\CarmAndroid\WADs\Data_Modded\Data\Content\Textures\CRANWEEL.img
1.0 : Compressed, OneBitAlpha : LIC : PlaneXRGB
D:\CarmAndroid\WADs\Data_Modded\Data\Content\Textures\64HZSML.img
1.0 : Compressed : Huffman : PlaneXRGB
D:\CarmAndroid\WADs\Data_Modded\Data\Content\Textures\dump.img
1.0 : DisableCompressInTextureMemory, Compressed, Disable16bit, DisableDownSample : LIC, SRGB : PlaneXRGB
D:\CarmAndroid\WADs\Data_Modded\Data\Content\Textures\bratt.img
1.0 : DisableCompressInTextureMemory, Compressed, Disable16bit, DisableDownSample : LIC, SRGB : PlaneXRGB
D:\CarmAndroid\WADs\Data_Modded\Data\Content\Textures\ivanscythe.img
1.0 : Compressed, OneBitAlpha : LIC : PlaneARGB
D:\CarmAndroid\WADs\Data_Modded\Data\Content\Textures\craneleg.img
1.0 : Compressed : Huffman : XRGB
D:\CarmAndroid\WADs\Data_Modded\Data\Content\Textures\ulitbot.img
1.0 : Compressed, OneBitAlpha : LIC : ARGB
D:\CarmAndroid\WADs\Data_Modded\Data\Content\Textures\ULITBOT.img
1.0 : Compressed, OneBitAlpha : LIC : ARGB
D:\CarmAndroid\WADs\Data_Modded\Data\Content\Textures\MTILELIT.img
1.0 : Compressed : Huffman : PlaneXRGB
D:\CarmAndroid\WADs\Data_Modded\Data\Content\Textures\METTILE.img
1.0 : Compressed : Huffman : PlaneXRGB
D:\CarmAndroid\WADs\Data_Modded\Data\Content\Textures\ulitbot.img
1.0 : Compressed, OneBitAlpha : LIC : ARGB
D:\CarmAndroid\WADs\Data_Modded\Data\Content\Textures\PLANK2.img
1.0 : Compressed : Huffman : PlaneXRGB
D:\CarmAndroid\WADs\Data_Modded\Data\Content\Textures\MNWALITE.img
1.0 : Compressed : Huffman : PlaneXRGB
D:\CarmAndroid\WADs\Data_Modded\Data\Content\Textures\BOARDS.img
1.0 : Compressed : Huffman : PlaneXRGB
D:\CarmAndroid\WADs\Data_Modded\Data\Content\Textures\CCROAD.img
1.0 : Compressed : Huffman : PlaneXRGB
D:\CarmAndroid\WADs\Data_Modded\Data\Content\Textures\VLTWALL.img
1.0 : Compressed : Huffman : PlaneXRGB
D:\CarmAndroid\WADs\Data_Modded\Data\Content\Textures\TUNLEND.img
1.0 : Compressed : Huffman : PlaneXRGB
D:\CarmAndroid\WADs\Data_Modded\Data\Content\Textures\CCJUNCTN.img
1.0 : Compressed : Huffman : PlaneXRGB
D:\CarmAndroid\WADs\Data_Modded\Data\Content\Textures\RAMP2.img
1.0 : Compressed : Huffman : PlaneXRGB
D:\CarmAndroid\WADs\Data_Modded\Data\Content\Textures\VAULT.img
1.0 : Compressed : Huffman : PlaneXRGB
D:\CarmAndroid\WADs\Data_Modded\Data\Content\Textures\LITPLATE.img
1.0 : Compressed : Huffman : PlaneXRGB
D:\CarmAndroid\WADs\Data_Modded\Data\Content\Textures\TUNLTRAK.img
1.0 : Compressed : Huffman : PlaneXRGB
D:\CarmAndroid\WADs\Data_Modded\Data\Content\Textures\MINEDIRT.img
1.0 : Compressed : Huffman : PlaneXRGB
D:\CarmAndroid\WADs\Data_Modded\Data\Content\Textures\PLANK3.img
1.0 : Compressed : Huffman : PlaneXRGB
D:\CarmAndroid\WADs\Data_Modded\Data\Content\Textures\FLRDARK.img
1.0 : Compressed : Huffman : PlaneXRGB
D:\CarmAndroid\WADs\Data_Modded\Data\Content\Textures\TRELLICE.img
1.0 : Compressed, OneBitAlpha : Huffman : PlaneARGB
D:\CarmAndroid\WADs\Data_Modded\Data\Content\Textures\MINEROK.img
1.0 : Compressed : Huffman : PlaneXRGB
D:\CarmAndroid\WADs\Data_Modded\Data\Content\Textures\VLTROAD.img
1.0 : Compressed : Huffman : PlaneXRGB
D:\CarmAndroid\WADs\Data_Modded\Data\Content\Textures\TUNLROOF.img
1.0 : Compressed, OneBitAlpha : Huffman : PlaneXRGB
D:\CarmAndroid\WADs\Data_Modded\Data\Content\Textures\TUNLENDV.img
1.0 : Compressed : Huffman : PlaneXRGB
D:\CarmAndroid\WADs\Data_Modded\Data\Content\Textures\TUNLWAL2.img
1.0 : Compressed : Huffman : PlaneXRGB
D:\CarmAndroid\WADs\Data_Modded\Data\Content\Textures\CSTDIRT.img
1.0 : Compressed : Huffman : PlaneXRGB
D:\CarmAndroid\WADs\Data_Modded\Data\Content\Textures\BRKNROAD.img
1.0 : Compressed : Huffman : PlaneXRGB
D:\CarmAndroid\WADs\Data_Modded\Data\Content\Textures\VAULT10.img
1.0 : Compressed : Huffman : PlaneXRGB
D:\CarmAndroid\WADs\Data_Modded\Data\Content\Textures\SEACHVRN.img
1.0 : Compressed : Huffman : PlaneXRGB
D:\CarmAndroid\WADs\Data_Modded\Data\Content\Textures\SEALIGHT.img
1.0 : Compressed : Huffman : PlaneXRGB
D:\CarmAndroid\WADs\Data_Modded\Data\Content\Textures\VAULT30.img
1.0 : Compressed : Huffman : PlaneXRGB
D:\CarmAndroid\WADs\Data_Modded\Data\Content\Textures\SEAPANEL.img
1.0 : Compressed : Huffman : PlaneXRGB
D:\CarmAndroid\WADs\Data_Modded\Data\Content\Textures\BRKNBRDS.img
1.0 : Compressed, OneBitAlpha : Huffman : PlaneARGB
D:\CarmAndroid\WADs\Data_Modded\Data\Content\Textures\MNROOF.img
1.0 : Compressed : Huffman : PlaneXRGB
D:\CarmAndroid\WADs\Data_Modded\Data\Content\Textures\GRASSY.img
1.0 : Compressed : Huffman : PlaneXRGB
D:\CarmAndroid\WADs\Data_Modded\Data\Content\Textures\ulitbot.img
1.0 : Compressed, OneBitAlpha : LIC : ARGB
D:\CarmAndroid\WADs\Data_Modded\Data\Content\Textures\ULITBOT.img
1.0 : Compressed, OneBitAlpha : LIC : ARGB
D:\CarmAndroid\WADs\Data_Modded\Data\Content\Textures\ulitbot.img
1.0 : Compressed, OneBitAlpha : LIC : ARGB
D:\CarmAndroid\WADs\Data_Modded\Data\Content\Textures\ULITBOT.img
1.0 : Compressed, OneBitAlpha : LIC : ARGB
D:\CarmAndroid\WADs\Data_Modded\Data\Content\Textures\ulitbot.img
1.0 : Compressed, OneBitAlpha : LIC : ARGB
D:\CarmAndroid\WADs\Data_Modded\Data\Content\Textures\ULITBOT.img
1.0 : Compressed, OneBitAlpha : LIC : ARGB
