D:\CarmAndroid\WADs\Data_Modded\Data\Content\Textures\LIQUID.img
1.0 : Compressed : Huffman : PlaneXRGB
D:\CarmAndroid\WADs\Data_Modded\Data\Content\Textures\HAZLINKS.img
1.0 : Compressed : Huffman : PlaneXRGB
D:\CarmAndroid\WADs\Data_Modded\Data\Content\Textures\CANYON.img
1.0 : Compressed : Huffman : PlaneXRGB
D:\CarmAndroid\WADs\Data_Modded\Data\Content\Textures\DKSTREAK.img
1.0 : Compressed : Huffman : PlaneXRGB
D:\CarmAndroid\WADs\Data_Modded\Data\Content\Textures\TUNROAD.img
1.0 : Compressed : Huffman : PlaneXRGB
D:\CarmAndroid\WADs\Data_Modded\Data\Content\Textures\IDNTEX36.img
1.0 : Compressed : Huffman : PlaneXRGB
D:\CarmAndroid\WADs\Data_Modded\Data\Content\Textures\INDTEX67.img
1.0 : Compressed : Huffman : PlaneXRGB
D:\CarmAndroid\WADs\Data_Modded\Data\Content\Textures\INDTEX22.img
1.0 : Compressed : Huffman : PlaneXRGB
D:\CarmAndroid\WADs\Data_Modded\Data\Content\Textures\YELOWALL.img
1.0 : Compressed : Huffman : PlaneXRGB
D:\CarmAndroid\WADs\Data_Modded\Data\Content\Textures\INDTEX65.img
1.0 : Compressed : Huffman : PlaneXRGB
D:\CarmAndroid\WADs\Data_Modded\Data\Content\Textures\INDTEX32.img
1.0 : Compressed : Huffman : PlaneXRGB
D:\CarmAndroid\WADs\Data_Modded\Data\Content\Textures\ACIDROP.img
1.0 : Compressed, OneBitAlpha : Huffman : PlaneARGB
D:\CarmAndroid\WADs\Data_Modded\Data\Content\Textures\INDTEX66.img
1.0 : Compressed : Huffman : PlaneXRGB
D:\CarmAndroid\WADs\Data_Modded\Data\Content\Textures\YELRIDGE.img
1.0 : Compressed : Huffman : PlaneXRGB
D:\CarmAndroid\WADs\Data_Modded\Data\Content\Textures\INDTEX45.img
1.0 : Compressed : Huffman : PlaneXRGB
D:\CarmAndroid\WADs\Data_Modded\Data\Content\Textures\INDTEX47.img
1.0 : Compressed : Huffman : PlaneXRGB
D:\CarmAndroid\WADs\Data_Modded\Data\Content\Textures\YELFLOOR.img
1.0 : Compressed : Huffman : PlaneXRGB
D:\CarmAndroid\WADs\Data_Modded\Data\Content\Textures\INDTEX69.img
1.0 : Compressed : Huffman : PlaneXRGB
D:\CarmAndroid\WADs\Data_Modded\Data\Content\Textures\INDTEX60.img
1.0 : Compressed : Huffman : PlaneXRGB
D:\CarmAndroid\WADs\Data_Modded\Data\Content\Textures\64STONE.img
1.0 : Compressed : Huffman : PlaneXRGB
D:\CarmAndroid\WADs\Data_Modded\Data\Content\Textures\INDTEX28.img
1.0 : Compressed : Huffman : PlaneXRGB
D:\CarmAndroid\WADs\Data_Modded\Data\Content\Textures\RIDGEDK.img
1.0 : Compressed : Huffman : PlaneXRGB
D:\CarmAndroid\WADs\Data_Modded\Data\Content\Textures\YELWALL2.img
1.0 : Compressed : Huffman : PlaneXRGB
D:\CarmAndroid\WADs\Data_Modded\Data\Content\Textures\DNITEX36.img
1.0 : Compressed : Huffman : PlaneXRGB
D:\CarmAndroid\WADs\Data_Modded\Data\Content\Textures\INDTEX88.img
1.0 : Compressed : Huffman : PlaneXRGB
D:\CarmAndroid\WADs\Data_Modded\Data\Content\Textures\INDTEX89.img
1.0 : Compressed : Huffman : PlaneXRGB
D:\CarmAndroid\WADs\Data_Modded\Data\Content\Textures\INDTEX36.img
1.0 : Compressed : Huffman : PlaneXRGB
D:\CarmAndroid\WADs\Data_Modded\Data\Content\Textures\RIDGED.img
1.0 : Compressed : Huffman : PlaneXRGB
D:\CarmAndroid\WADs\Data_Modded\Data\Content\Textures\INDTX223.img
1.0 : Compressed : Huffman : PlaneXRGB
D:\CarmAndroid\WADs\Data_Modded\Data\Content\Textures\INDTEX84.img
1.0 : Compressed : Huffman : PlaneXRGB
D:\CarmAndroid\WADs\Data_Modded\Data\Content\Textures\INDTEX10.img
1.0 : Compressed : Huffman : PlaneXRGB
D:\CarmAndroid\WADs\Data_Modded\Data\Content\Textures\CRATESID.img
1.0 : Compressed : Huffman : PlaneXRGB
D:\CarmAndroid\WADs\Data_Modded\Data\Content\Textures\INDTEX33.img
1.0 : Compressed : Huffman : PlaneXRGB
D:\CarmAndroid\WADs\Data_Modded\Data\Content\Textures\INDTEX50.img
1.0 : Compressed : Huffman : PlaneXRGB
D:\CarmAndroid\WADs\Data_Modded\Data\Content\Textures\INDTEX06.img
1.0 : Compressed : Huffman : PlaneXRGB
D:\CarmAndroid\WADs\Data_Modded\Data\Content\Textures\DUCTING.img
1.0 : Compressed : Huffman : PlaneXRGB
D:\CarmAndroid\WADs\Data_Modded\Data\Content\Textures\INDTEX94.img
1.0 : Compressed : Huffman : PlaneXRGB
D:\CarmAndroid\WADs\Data_Modded\Data\Content\Textures\128STN-A.img
1.0 : Compressed : Huffman : PlaneXRGB
D:\CarmAndroid\WADs\Data_Modded\Data\Content\Textures\INDTEX18.img
1.0 : Compressed : Huffman : PlaneXRGB
D:\CarmAndroid\WADs\Data_Modded\Data\Content\Textures\INDTEX85.img
1.0 : Compressed : Huffman : PlaneXRGB
D:\CarmAndroid\WADs\Data_Modded\Data\Content\Textures\CSTBARTP.img
1.0 : Compressed : Huffman : PlaneXRGB
